<?xml version="1.0" encoding="UTF-8" standalone="no"?>
<testsuite failures="0" name="cucumber.runtime.formatter.JUnitFormatter" skipped="0" tests="2" time="23.048808">
<testcase classname="Addding product to my cart/wishlist in Demoshop application" name="verify_the_selected_items_in_my_wishlist_001" time="13.819694">
<system-out><![CDATA[Given I add "4" different product to my wish list...........................passed
When I view my wishlist table...............................................passed
Then I find total "4" selected items in my Wishlist.........................passed
]]></system-out>
</testcase>
<testcase classname="Addding product to my cart/wishlist in Demoshop application" name="verify_the_lowest_price_item_in_my_cart_002" time="9.229114">
<system-out><![CDATA[Given I search for "lowest" price product...................................passed
When I am able to add the "lowest" price item to my cart....................passed
Then I am able to verify the item in my cart................................passed
]]></system-out>
</testcase>
</testsuite>
